<?xml version="1.0" encoding="UTF-8"?>
<coverage generated="1523977997098" clover="3.2.0">
  <project timestamp="1523977997098" name="All files">
    <metrics statements="61" coveredstatements="38" conditionals="18" coveredconditionals="3" methods="24" coveredmethods="12" elements="103" coveredelements="53" complexity="0" loc="61" ncloc="61" packages="3" files="7" classes="7">
      <package name="CoomicBookTool">
        <metrics statements="44" coveredstatements="31" conditionals="10" coveredconditionals="2" methods="18" coveredmethods="8"/>
        <file name="BottomBar.js" path="/Users/faketsao/Desktop/react-native-comic-book/CoomicBookTool/BottomBar.js">
          <metrics statements="6" coveredstatements="6" conditionals="2" coveredconditionals="1" methods="1" coveredmethods="1"/>
          <line num="15" count="1" type="stmt"/>
          <line num="16" count="2" type="stmt"/>
          <line num="71" count="1" type="stmt"/>
          <line num="73" count="1" type="stmt"/>
          <line num="94" count="1" type="stmt"/>
          <line num="101" count="1" type="stmt"/>
        </file>
        <file name="ConfigBar.js" path="/Users/faketsao/Desktop/react-native-comic-book/CoomicBookTool/ConfigBar.js">
          <metrics statements="7" coveredstatements="6" conditionals="2" coveredconditionals="1" methods="4" coveredmethods="3"/>
          <line num="18" count="2" type="stmt"/>
          <line num="22" count="0" type="stmt"/>
          <line num="26" count="2" type="stmt"/>
          <line num="45" count="2" type="stmt"/>
          <line num="128" count="1" type="stmt"/>
          <line num="130" count="1" type="stmt"/>
          <line num="132" count="1" type="stmt"/>
        </file>
        <file name="OptionBar.js" path="/Users/faketsao/Desktop/react-native-comic-book/CoomicBookTool/OptionBar.js">
          <metrics statements="4" coveredstatements="4" conditionals="0" coveredconditionals="0" methods="1" coveredmethods="1"/>
          <line num="13" count="1" type="stmt"/>
          <line num="14" count="2" type="stmt"/>
          <line num="114" count="1" type="stmt"/>
          <line num="116" count="1" type="stmt"/>
        </file>
        <file name="ProgressBar.js" path="/Users/faketsao/Desktop/react-native-comic-book/CoomicBookTool/ProgressBar.js">
          <metrics statements="21" coveredstatements="9" conditionals="6" coveredconditionals="0" methods="11" coveredmethods="2"/>
          <line num="15" count="2" type="stmt"/>
          <line num="16" count="2" type="stmt"/>
          <line num="17" count="2" type="stmt"/>
          <line num="18" count="2" type="stmt"/>
          <line num="19" count="2" type="stmt"/>
          <line num="25" count="0" type="stmt"/>
          <line num="29" count="0" type="stmt"/>
          <line num="30" count="0" type="stmt"/>
          <line num="31" count="0" type="stmt"/>
          <line num="32" count="0" type="stmt"/>
          <line num="33" count="0" type="stmt"/>
          <line num="34" count="0" type="stmt"/>
          <line num="40" count="0" type="cond" truecount="0" falsecount="2"/>
          <line num="44" count="0" type="cond" truecount="0" falsecount="2"/>
          <line num="48" count="0" type="stmt"/>
          <line num="52" count="0" type="stmt"/>
          <line num="53" count="0" type="cond" truecount="0" falsecount="2"/>
          <line num="57" count="2" type="stmt"/>
          <line num="114" count="1" type="stmt"/>
          <line num="116" count="1" type="stmt"/>
          <line num="122" count="1" type="stmt"/>
        </file>
        <file name="TopBar.js" path="/Users/faketsao/Desktop/react-native-comic-book/CoomicBookTool/TopBar.js">
          <metrics statements="6" coveredstatements="6" conditionals="0" coveredconditionals="0" methods="1" coveredmethods="1"/>
          <line num="13" count="1" type="stmt"/>
          <line num="14" count="2" type="stmt"/>
          <line num="47" count="1" type="stmt"/>
          <line num="49" count="1" type="stmt"/>
          <line num="73" count="1" type="stmt"/>
          <line num="79" count="1" type="stmt"/>
        </file>
      </package>
      <package name="CoomicBookTool.ComicBookBrightness">
        <metrics statements="13" coveredstatements="4" conditionals="8" coveredconditionals="1" methods="3" coveredmethods="2"/>
        <file name="index.js" path="/Users/faketsao/Desktop/react-native-comic-book/CoomicBookTool/ComicBookBrightness/index.js">
          <metrics statements="13" coveredstatements="4" conditionals="8" coveredconditionals="1" methods="3" coveredmethods="2"/>
          <line num="9" count="2" type="stmt"/>
          <line num="10" count="2" type="stmt"/>
          <line num="16" count="0" type="cond" truecount="0" falsecount="2"/>
          <line num="17" count="0" type="cond" truecount="0" falsecount="2"/>
          <line num="18" count="0" type="stmt"/>
          <line num="20" count="0" type="stmt"/>
          <line num="22" count="0" type="stmt"/>
          <line num="26" count="0" type="cond" truecount="0" falsecount="2"/>
          <line num="27" count="0" type="stmt"/>
          <line num="29" count="0" type="stmt"/>
          <line num="31" count="0" type="stmt"/>
          <line num="38" count="2" type="stmt"/>
          <line num="55" count="1" type="stmt"/>
        </file>
      </package>
      <package name="CoomicBookTool.ComicBookSwitch">
        <metrics statements="4" coveredstatements="3" conditionals="0" coveredconditionals="0" methods="3" coveredmethods="2"/>
        <file name="index.js" path="/Users/faketsao/Desktop/react-native-comic-book/CoomicBookTool/ComicBookSwitch/index.js">
          <metrics statements="4" coveredstatements="3" conditionals="0" coveredconditionals="0" methods="3" coveredmethods="2"/>
          <line num="7" count="1" type="stmt"/>
          <line num="8" count="1" type="stmt"/>
          <line num="14" count="0" type="stmt"/>
          <line num="20" count="1" type="stmt"/>
        </file>
      </package>
    </metrics>
  </project>
</coverage>
