{"/Users/faketsao/Desktop/react-native-comic-book/CoomicBookTool/BottomBar.js": {"path":"/Users/faketsao/Desktop/react-native-comic-book/CoomicBookTool/BottomBar.js","statementMap":{"0":{"start":{"line":15,"column":18},"end":{"line":69,"column":1}},"1":{"start":{"line":16,"column":2},"end":{"line":68,"column":18}},"2":{"start":{"line":71,"column":26},"end":{"line":71,"column":50}},"3":{"start":{"line":73,"column":15},"end":{"line":92,"column":2}},"4":{"start":{"line":94,"column":0},"end":{"line":99,"column":2}},"5":{"start":{"line":101,"column":0},"end":{"line":103,"column":2}}},"fnMap":{"0":{"name":"(anonymous_0)","decl":{"start":{"line":15,"column":18},"end":{"line":15,"column":19}},"loc":{"start":{"line":16,"column":2},"end":{"line":68,"column":18}},"line":16}},"branchMap":{"0":{"loc":{"start":{"line":102,"column":22},"end":{"line":102,"column":60}},"type":"cond-expr","locations":[{"start":{"line":102,"column":50},"end":{"line":102,"column":51}},{"start":{"line":102,"column":54},"end":{"line":102,"column":60}}],"line":102}},"s":{"0":1,"1":2,"2":1,"3":1,"4":1,"5":1},"f":{"0":2},"b":{"0":[0,1]},"_coverageSchema":"332fd63041d2c1bcb487cc26dd0d5f7d97098a6c","hash":"74c2c0dca9a02b36c511b06f2c38004e889b84ba"}
,"/Users/faketsao/Desktop/react-native-comic-book/CoomicBookTool/ConfigBar.js": {"path":"/Users/faketsao/Desktop/react-native-comic-book/CoomicBookTool/ConfigBar.js","statementMap":{"0":{"start":{"line":18,"column":4},"end":{"line":18,"column":16}},"1":{"start":{"line":22,"column":4},"end":{"line":22,"column":45}},"2":{"start":{"line":26,"column":4},"end":{"line":124,"column":5}},"3":{"start":{"line":45,"column":26},"end":{"line":45,"column":52}},"4":{"start":{"line":128,"column":26},"end":{"line":128,"column":50}},"5":{"start":{"line":130,"column":24},"end":{"line":130,"column":34}},"6":{"start":{"line":132,"column":15},"end":{"line":191,"column":2}}},"fnMap":{"0":{"name":"(anonymous_0)","decl":{"start":{"line":17,"column":2},"end":{"line":17,"column":3}},"loc":{"start":{"line":17,"column":21},"end":{"line":19,"column":3}},"line":17},"1":{"name":"(anonymous_1)","decl":{"start":{"line":21,"column":13},"end":{"line":21,"column":14}},"loc":{"start":{"line":21,"column":29},"end":{"line":23,"column":3}},"line":21},"2":{"name":"(anonymous_2)","decl":{"start":{"line":25,"column":2},"end":{"line":25,"column":3}},"loc":{"start":{"line":25,"column":11},"end":{"line":125,"column":3}},"line":25},"3":{"name":"(anonymous_3)","decl":{"start":{"line":45,"column":19},"end":{"line":45,"column":20}},"loc":{"start":{"line":45,"column":26},"end":{"line":45,"column":52}},"line":45}},"branchMap":{"0":{"loc":{"start":{"line":186,"column":16},"end":{"line":186,"column":49}},"type":"cond-expr","locations":[{"start":{"line":186,"column":44},"end":{"line":186,"column":45}},{"start":{"line":186,"column":48},"end":{"line":186,"column":49}}],"line":186}},"s":{"0":2,"1":0,"2":2,"3":2,"4":1,"5":1,"6":1},"f":{"0":2,"1":0,"2":2,"3":2},"b":{"0":[0,1]},"_coverageSchema":"332fd63041d2c1bcb487cc26dd0d5f7d97098a6c","hash":"302f12381959c2849782051dcbc7e72d03672404"}
,"/Users/faketsao/Desktop/react-native-comic-book/CoomicBookTool/OptionBar.js": {"path":"/Users/faketsao/Desktop/react-native-comic-book/CoomicBookTool/OptionBar.js","statementMap":{"0":{"start":{"line":13,"column":18},"end":{"line":112,"column":1}},"1":{"start":{"line":14,"column":4},"end":{"line":111,"column":20}},"2":{"start":{"line":114,"column":26},"end":{"line":114,"column":50}},"3":{"start":{"line":116,"column":15},"end":{"line":136,"column":2}}},"fnMap":{"0":{"name":"(anonymous_0)","decl":{"start":{"line":13,"column":18},"end":{"line":13,"column":19}},"loc":{"start":{"line":14,"column":4},"end":{"line":111,"column":20}},"line":14}},"branchMap":{},"s":{"0":1,"1":2,"2":1,"3":1},"f":{"0":2},"b":{},"_coverageSchema":"332fd63041d2c1bcb487cc26dd0d5f7d97098a6c","hash":"6f771a53fb6f36f351f713d5504f3693a9bbb745"}
,"/Users/faketsao/Desktop/react-native-comic-book/CoomicBookTool/ProgressBar.js": {"path":"/Users/faketsao/Desktop/react-native-comic-book/CoomicBookTool/ProgressBar.js","statementMap":{"0":{"start":{"line":15,"column":4},"end":{"line":15,"column":16}},"1":{"start":{"line":16,"column":4},"end":{"line":16,"column":26}},"2":{"start":{"line":17,"column":4},"end":{"line":17,"column":41}},"3":{"start":{"line":18,"column":4},"end":{"line":18,"column":37}},"4":{"start":{"line":19,"column":4},"end":{"line":21,"column":5}},"5":{"start":{"line":25,"column":4},"end":{"line":25,"column":41}},"6":{"start":{"line":29,"column":31},"end":{"line":29,"column":76}},"7":{"start":{"line":29,"column":61},"end":{"line":29,"column":75}},"8":{"start":{"line":30,"column":39},"end":{"line":30,"column":105}},"9":{"start":{"line":30,"column":80},"end":{"line":30,"column":104}},"10":{"start":{"line":31,"column":35},"end":{"line":31,"column":101}},"11":{"start":{"line":31,"column":76},"end":{"line":31,"column":100}},"12":{"start":{"line":32,"column":4},"end":{"line":32,"column":102}},"13":{"start":{"line":33,"column":4},"end":{"line":33,"column":58}},"14":{"start":{"line":34,"column":4},"end":{"line":36,"column":6}},"15":{"start":{"line":40,"column":4},"end":{"line":40,"column":106}},"16":{"start":{"line":44,"column":4},"end":{"line":44,"column":94}},"17":{"start":{"line":48,"column":4},"end":{"line":48,"column":26}},"18":{"start":{"line":52,"column":23},"end":{"line":52,"column":32}},"19":{"start":{"line":53,"column":4},"end":{"line":53,"column":78}},"20":{"start":{"line":57,"column":4},"end":{"line":109,"column":5}},"21":{"start":{"line":114,"column":26},"end":{"line":114,"column":50}},"22":{"start":{"line":116,"column":19},"end":{"line":120,"column":1}},"23":{"start":{"line":122,"column":15},"end":{"line":166,"column":2}}},"fnMap":{"0":{"name":"(anonymous_0)","decl":{"start":{"line":14,"column":2},"end":{"line":14,"column":3}},"loc":{"start":{"line":14,"column":21},"end":{"line":22,"column":3}},"line":14},"1":{"name":"(anonymous_1)","decl":{"start":{"line":24,"column":22},"end":{"line":24,"column":23}},"loc":{"start":{"line":24,"column":36},"end":{"line":26,"column":3}},"line":24},"2":{"name":"(anonymous_2)","decl":{"start":{"line":28,"column":25},"end":{"line":28,"column":26}},"loc":{"start":{"line":28,"column":39},"end":{"line":37,"column":3}},"line":28},"3":{"name":"(anonymous_3)","decl":{"start":{"line":29,"column":54},"end":{"line":29,"column":55}},"loc":{"start":{"line":29,"column":61},"end":{"line":29,"column":75}},"line":29},"4":{"name":"(anonymous_4)","decl":{"start":{"line":30,"column":65},"end":{"line":30,"column":66}},"loc":{"start":{"line":30,"column":80},"end":{"line":30,"column":104}},"line":30},"5":{"name":"(anonymous_5)","decl":{"start":{"line":31,"column":61},"end":{"line":31,"column":62}},"loc":{"start":{"line":31,"column":76},"end":{"line":31,"column":100}},"line":31},"6":{"name":"(anonymous_6)","decl":{"start":{"line":39,"column":27},"end":{"line":39,"column":28}},"loc":{"start":{"line":39,"column":33},"end":{"line":41,"column":3}},"line":39},"7":{"name":"(anonymous_7)","decl":{"start":{"line":43,"column":23},"end":{"line":43,"column":24}},"loc":{"start":{"line":43,"column":29},"end":{"line":45,"column":3}},"line":43},"8":{"name":"(anonymous_8)","decl":{"start":{"line":47,"column":18},"end":{"line":47,"column":19}},"loc":{"start":{"line":47,"column":27},"end":{"line":49,"column":3}},"line":47},"9":{"name":"(anonymous_9)","decl":{"start":{"line":51,"column":22},"end":{"line":51,"column":23}},"loc":{"start":{"line":51,"column":31},"end":{"line":54,"column":3}},"line":51},"10":{"name":"(anonymous_10)","decl":{"start":{"line":56,"column":2},"end":{"line":56,"column":3}},"loc":{"start":{"line":56,"column":11},"end":{"line":110,"column":3}},"line":56}},"branchMap":{"0":{"loc":{"start":{"line":40,"column":4},"end":{"line":40,"column":106}},"type":"binary-expr","locations":[{"start":{"line":40,"column":4},"end":{"line":40,"column":37}},{"start":{"line":40,"column":41},"end":{"line":40,"column":106}}],"line":40},"1":{"loc":{"start":{"line":44,"column":4},"end":{"line":44,"column":94}},"type":"binary-expr","locations":[{"start":{"line":44,"column":4},"end":{"line":44,"column":33}},{"start":{"line":44,"column":37},"end":{"line":44,"column":94}}],"line":44},"2":{"loc":{"start":{"line":53,"column":4},"end":{"line":53,"column":78}},"type":"binary-expr","locations":[{"start":{"line":53,"column":4},"end":{"line":53,"column":33}},{"start":{"line":53,"column":37},"end":{"line":53,"column":78}}],"line":53}},"s":{"0":4,"1":4,"2":4,"3":4,"4":4,"5":0,"6":0,"7":0,"8":0,"9":0,"10":0,"11":0,"12":0,"13":0,"14":0,"15":0,"16":0,"17":1,"18":0,"19":0,"20":5,"21":1,"22":1,"23":1},"f":{"0":4,"1":0,"2":0,"3":0,"4":0,"5":0,"6":0,"7":0,"8":1,"9":0,"10":5},"b":{"0":[0,0],"1":[0,0],"2":[0,0]},"_coverageSchema":"332fd63041d2c1bcb487cc26dd0d5f7d97098a6c","hash":"3d47417478484a5d6a811cd4217d7c5eeec08035"}
,"/Users/faketsao/Desktop/react-native-comic-book/CoomicBookTool/TopBar.js": {"path":"/Users/faketsao/Desktop/react-native-comic-book/CoomicBookTool/TopBar.js","statementMap":{"0":{"start":{"line":13,"column":15},"end":{"line":45,"column":1}},"1":{"start":{"line":14,"column":2},"end":{"line":44,"column":18}},"2":{"start":{"line":47,"column":26},"end":{"line":47,"column":50}},"3":{"start":{"line":49,"column":15},"end":{"line":71,"column":2}},"4":{"start":{"line":73,"column":0},"end":{"line":77,"column":2}},"5":{"start":{"line":79,"column":0},"end":{"line":81,"column":2}}},"fnMap":{"0":{"name":"(anonymous_0)","decl":{"start":{"line":13,"column":15},"end":{"line":13,"column":16}},"loc":{"start":{"line":14,"column":2},"end":{"line":44,"column":18}},"line":14}},"branchMap":{},"s":{"0":1,"1":2,"2":1,"3":1,"4":1,"5":1},"f":{"0":2},"b":{},"_coverageSchema":"332fd63041d2c1bcb487cc26dd0d5f7d97098a6c","hash":"b1494306e196f8b1e15cdb90f8e2d28b69ac184e"}
,"/Users/faketsao/Desktop/react-native-comic-book/CoomicBookTool/ComicBookBrightness/index.js": {"path":"/Users/faketsao/Desktop/react-native-comic-book/CoomicBookTool/ComicBookBrightness/index.js","statementMap":{"0":{"start":{"line":9,"column":4},"end":{"line":9,"column":16}},"1":{"start":{"line":10,"column":4},"end":{"line":12,"column":5}},"2":{"start":{"line":16,"column":4},"end":{"line":34,"column":5}},"3":{"start":{"line":17,"column":6},"end":{"line":21,"column":7}},"4":{"start":{"line":18,"column":8},"end":{"line":18,"column":46}},"5":{"start":{"line":20,"column":8},"end":{"line":20,"column":43}},"6":{"start":{"line":22,"column":6},"end":{"line":24,"column":8}},"7":{"start":{"line":26,"column":6},"end":{"line":30,"column":7}},"8":{"start":{"line":27,"column":8},"end":{"line":27,"column":46}},"9":{"start":{"line":29,"column":8},"end":{"line":29,"column":43}},"10":{"start":{"line":31,"column":6},"end":{"line":33,"column":8}},"11":{"start":{"line":38,"column":4},"end":{"line":51,"column":5}},"12":{"start":{"line":55,"column":16},"end":{"line":64,"column":2}}},"fnMap":{"0":{"name":"(anonymous_0)","decl":{"start":{"line":8,"column":2},"end":{"line":8,"column":3}},"loc":{"start":{"line":8,"column":21},"end":{"line":13,"column":3}},"line":8},"1":{"name":"(anonymous_1)","decl":{"start":{"line":15,"column":17},"end":{"line":15,"column":18}},"loc":{"start":{"line":15,"column":23},"end":{"line":35,"column":3}},"line":15},"2":{"name":"(anonymous_2)","decl":{"start":{"line":37,"column":2},"end":{"line":37,"column":3}},"loc":{"start":{"line":37,"column":11},"end":{"line":52,"column":3}},"line":37}},"branchMap":{"0":{"loc":{"start":{"line":16,"column":4},"end":{"line":34,"column":5}},"type":"if","locations":[{"start":{"line":16,"column":4},"end":{"line":34,"column":5}},{"start":{"line":16,"column":4},"end":{"line":34,"column":5}}],"line":16},"1":{"loc":{"start":{"line":17,"column":6},"end":{"line":21,"column":7}},"type":"if","locations":[{"start":{"line":17,"column":6},"end":{"line":21,"column":7}},{"start":{"line":17,"column":6},"end":{"line":21,"column":7}}],"line":17},"2":{"loc":{"start":{"line":26,"column":6},"end":{"line":30,"column":7}},"type":"if","locations":[{"start":{"line":26,"column":6},"end":{"line":30,"column":7}},{"start":{"line":26,"column":6},"end":{"line":30,"column":7}}],"line":26},"3":{"loc":{"start":{"line":48,"column":43},"end":{"line":48,"column":81}},"type":"cond-expr","locations":[{"start":{"line":48,"column":70},"end":{"line":48,"column":74}},{"start":{"line":48,"column":77},"end":{"line":48,"column":81}}],"line":48}},"s":{"0":2,"1":2,"2":0,"3":0,"4":0,"5":0,"6":0,"7":0,"8":0,"9":0,"10":0,"11":2,"12":1},"f":{"0":2,"1":0,"2":2},"b":{"0":[0,0],"1":[0,0],"2":[0,0],"3":[2,0]},"_coverageSchema":"332fd63041d2c1bcb487cc26dd0d5f7d97098a6c","hash":"e8e24c17a9cd723581cc63de96a182f34e696d86"}
,"/Users/faketsao/Desktop/react-native-comic-book/CoomicBookTool/ComicBookSwitch/index.js": {"path":"/Users/faketsao/Desktop/react-native-comic-book/CoomicBookTool/ComicBookSwitch/index.js","statementMap":{"0":{"start":{"line":7,"column":4},"end":{"line":7,"column":16}},"1":{"start":{"line":8,"column":4},"end":{"line":10,"column":5}},"2":{"start":{"line":14,"column":4},"end":{"line":16,"column":6}},"3":{"start":{"line":20,"column":4},"end":{"line":25,"column":5}}},"fnMap":{"0":{"name":"(anonymous_0)","decl":{"start":{"line":6,"column":2},"end":{"line":6,"column":3}},"loc":{"start":{"line":6,"column":21},"end":{"line":11,"column":3}},"line":6},"1":{"name":"(anonymous_1)","decl":{"start":{"line":13,"column":18},"end":{"line":13,"column":19}},"loc":{"start":{"line":13,"column":24},"end":{"line":17,"column":3}},"line":13},"2":{"name":"(anonymous_2)","decl":{"start":{"line":19,"column":2},"end":{"line":19,"column":3}},"loc":{"start":{"line":19,"column":11},"end":{"line":26,"column":3}},"line":19}},"branchMap":{},"s":{"0":1,"1":1,"2":0,"3":1},"f":{"0":1,"1":0,"2":1},"b":{},"_coverageSchema":"332fd63041d2c1bcb487cc26dd0d5f7d97098a6c","hash":"d56f957eb52b58567f3c210f459fc7767fbc9263"}
}
