TN:
SF:/Users/faketsao/Desktop/react-native-comic-book/CoomicBookTool/BottomBar.js
FN:15,(anonymous_0)
FNF:1
FNH:1
FNDA:2,(anonymous_0)
DA:15,1
DA:16,2
DA:71,1
DA:73,1
DA:94,1
DA:101,1
LF:6
LH:6
BRDA:102,0,0,0
BRDA:102,0,1,1
BRF:2
BRH:1
end_of_record
TN:
SF:/Users/faketsao/Desktop/react-native-comic-book/CoomicBookTool/ConfigBar.js
FN:17,(anonymous_0)
FN:21,(anonymous_1)
FN:25,(anonymous_2)
FN:45,(anonymous_3)
FNF:4
FNH:3
FNDA:2,(anonymous_0)
FNDA:0,(anonymous_1)
FNDA:2,(anonymous_2)
FNDA:2,(anonymous_3)
DA:18,2
DA:22,0
DA:26,2
DA:45,2
DA:128,1
DA:130,1
DA:132,1
LF:7
LH:6
BRDA:186,0,0,0
BRDA:186,0,1,1
BRF:2
BRH:1
end_of_record
TN:
SF:/Users/faketsao/Desktop/react-native-comic-book/CoomicBookTool/OptionBar.js
FN:13,(anonymous_0)
FNF:1
FNH:1
FNDA:2,(anonymous_0)
DA:13,1
DA:14,2
DA:114,1
DA:116,1
LF:4
LH:4
BRF:0
BRH:0
end_of_record
TN:
SF:/Users/faketsao/Desktop/react-native-comic-book/CoomicBookTool/ProgressBar.js
FN:14,(anonymous_0)
FN:24,(anonymous_1)
FN:28,(anonymous_2)
FN:29,(anonymous_3)
FN:30,(anonymous_4)
FN:31,(anonymous_5)
FN:39,(anonymous_6)
FN:43,(anonymous_7)
FN:47,(anonymous_8)
FN:51,(anonymous_9)
FN:56,(anonymous_10)
FNF:11
FNH:2
FNDA:2,(anonymous_0)
FNDA:0,(anonymous_1)
FNDA:0,(anonymous_2)
FNDA:0,(anonymous_3)
FNDA:0,(anonymous_4)
FNDA:0,(anonymous_5)
FNDA:0,(anonymous_6)
FNDA:0,(anonymous_7)
FNDA:0,(anonymous_8)
FNDA:0,(anonymous_9)
FNDA:2,(anonymous_10)
DA:15,2
DA:16,2
DA:17,2
DA:18,2
DA:19,2
DA:25,0
DA:29,0
DA:30,0
DA:31,0
DA:32,0
DA:33,0
DA:34,0
DA:40,0
DA:44,0
DA:48,0
DA:52,0
DA:53,0
DA:57,2
DA:114,1
DA:116,1
DA:122,1
LF:21
LH:9
BRDA:40,0,0,0
BRDA:40,0,1,0
BRDA:44,1,0,0
BRDA:44,1,1,0
BRDA:53,2,0,0
BRDA:53,2,1,0
BRF:6
BRH:0
end_of_record
TN:
SF:/Users/faketsao/Desktop/react-native-comic-book/CoomicBookTool/TopBar.js
FN:13,(anonymous_0)
FNF:1
FNH:1
FNDA:2,(anonymous_0)
DA:13,1
DA:14,2
DA:47,1
DA:49,1
DA:73,1
DA:79,1
LF:6
LH:6
BRF:0
BRH:0
end_of_record
TN:
SF:/Users/faketsao/Desktop/react-native-comic-book/CoomicBookTool/ComicBookBrightness/index.js
FN:8,(anonymous_0)
FN:15,(anonymous_1)
FN:37,(anonymous_2)
FNF:3
FNH:2
FNDA:2,(anonymous_0)
FNDA:0,(anonymous_1)
FNDA:2,(anonymous_2)
DA:9,2
DA:10,2
DA:16,0
DA:17,0
DA:18,0
DA:20,0
DA:22,0
DA:26,0
DA:27,0
DA:29,0
DA:31,0
DA:38,2
DA:55,1
LF:13
LH:4
BRDA:16,0,0,0
BRDA:16,0,1,0
BRDA:17,1,0,0
BRDA:17,1,1,0
BRDA:26,2,0,0
BRDA:26,2,1,0
BRDA:48,3,0,2
BRDA:48,3,1,0
BRF:8
BRH:1
end_of_record
TN:
SF:/Users/faketsao/Desktop/react-native-comic-book/CoomicBookTool/ComicBookSwitch/index.js
FN:6,(anonymous_0)
FN:13,(anonymous_1)
FN:19,(anonymous_2)
FNF:3
FNH:2
FNDA:1,(anonymous_0)
FNDA:0,(anonymous_1)
FNDA:1,(anonymous_2)
DA:7,1
DA:8,1
DA:14,0
DA:20,1
LF:4
LH:3
BRF:0
BRH:0
end_of_record
